<?xml version="1.0" encoding="UTF-8"?>
<!-- Generated by org.testng.reporters.JUnitXMLReporter -->
<testsuite ignored="2" hostname="LAPTOP-21TTL97P" failures="0" tests="3" name="Test" time="37.438" errors="0" timestamp="22 Apr 2023 06:55:17 GMT">
  <testcase classname="test.HomePageTest" name="test3" time="0.008"/>
  <testcase classname="test.LoginTest" name="test1" time="23.555"/>
  <testcase classname="test.LoginTest" name="test2" time="6.433"/>
  <testcase classname="test.BaseClass" name="@BeforeTest ReportSetup" time="0.0">
    <ignored/>
  </testcase> <!-- @BeforeTest ReportSetup -->
  <testcase classname="test.BaseClass" name="@AfterTest ReportClean" time="0.0">
    <ignored/>
  </testcase> <!-- @AfterTest ReportClean -->
</testsuite> <!-- Test -->
